<?xml version="1.0" encoding="UTF-8"?>
<!-- Generated by org.testng.reporters.JUnitReportReporter -->
<testsuite hostname="Imrens-MacBook-Pro-2.local" failures="0" tests="1" name="cucumberOptions.TestNGTestRunner" time="70.512" errors="0" timestamp="2022-10-07T14:55:08 EET" skipped="0">
  <testcase classname="cucumberOptions.TestNGTestRunner" name="runScenario" time="70.512"/>
  <system-out/>
</testsuite> <!-- cucumberOptions.TestNGTestRunner -->
